<?xml version="1.0" encoding="UTF-8"?>
<!-- Generated by org.testng.reporters.JUnitReportReporter -->
<testsuite hostname="Amrita" failures="0" tests="4" name="com.qa.opencart.tests.LoginPageTest" time="1.331" errors="0" timestamp="2025-02-04T09:20:23 IST" skipped="0">
  <testcase classname="com.qa.opencart.tests.LoginPageTest" name="loginPageTitleTest" time="0.042"/>
  <testcase classname="com.qa.opencart.tests.LoginPageTest" name="isforgotPwdLinkExistTest" time="0.114"/>
  <testcase classname="com.qa.opencart.tests.LoginPageTest" name="loginpageUrlTest" time="0.046"/>
  <testcase classname="com.qa.opencart.tests.LoginPageTest" name="loginTest" time="1.129"/>
</testsuite> <!-- com.qa.opencart.tests.LoginPageTest -->
