<?xml version="1.0" encoding="UTF-8"?>
<!-- Generated by org.testng.reporters.JUnitReportReporter -->
<testsuite hostname="Amrita" failures="0" tests="4" name="com.qa.opencart.tests.LoginPageTest" time="0.842" errors="0" timestamp="2025-01-31T11:52:01 IST" skipped="0">
  <testcase classname="com.qa.opencart.tests.LoginPageTest" name="loginPageTitleTest" time="0.015"/>
  <testcase classname="com.qa.opencart.tests.LoginPageTest" name="loginpageUrlTest" time="0.012"/>
  <testcase classname="com.qa.opencart.tests.LoginPageTest" name="isforgotPwdLinkExistTest" time="0.039"/>
  <testcase classname="com.qa.opencart.tests.LoginPageTest" name="loginTest" time="0.776"/>
</testsuite> <!-- com.qa.opencart.tests.LoginPageTest -->
