<?xml version="1.0" encoding="UTF-8"?>
<!-- Generated by org.testng.reporters.JUnitReportReporter -->
<testsuite hostname="Amrita" failures="0" tests="4" name="com.qa.opencart.tests.AccountPageTest" time="0.229" errors="0" timestamp="2025-01-31T13:32:29 IST" skipped="0">
  <testcase classname="com.qa.opencart.tests.AccountPageTest" name="isLogoutLinkExits" time="0.030"/>
  <testcase classname="com.qa.opencart.tests.AccountPageTest" name="accpageHeaderCountTest" time="0.080"/>
  <testcase classname="com.qa.opencart.tests.AccountPageTest" name="getAccPageHeaderTest" time="0.089"/>
  <testcase classname="com.qa.opencart.tests.AccountPageTest" name="accPageTitleTest" time="0.030"/>
</testsuite> <!-- com.qa.opencart.tests.AccountPageTest -->
