<?xml version="1.0" encoding="UTF-8"?>
<!-- Generated by org.testng.reporters.JUnitReportReporter -->
<testsuite hostname="Amrita" failures="0" tests="1" name="com.qa.opencart.tests.LoginPageTest" time="0.016" errors="0" timestamp="2025-01-28T23:10:00 IST" skipped="0">
  <testcase classname="com.qa.opencart.tests.LoginPageTest" name="loginPageTitleTest" time="0.016"/>
</testsuite> <!-- com.qa.opencart.tests.LoginPageTest -->
